# JRE version: OpenJDK Runtime Environment (8.0_342-b07) (build 1.8.0_342-b07)
# Java VM: OpenJDK 64-Bit Server VM (25.342-b07 mixed mode windows-amd64 compressed oops)
Heap:
 PSYoungGen      total 254464K, used 216283K [0x00000000e0000000, 0x00000000f1480000, 0x0000000100000000)
  eden space 233984K, 92% used [0x00000000e0000000,0x00000000ed336ed0,0x00000000ee480000)
  from space 20480K, 0% used [0x00000000ef800000,0x00000000ef800000,0x00000000f0c00000)
  to   space 19968K, 0% used [0x00000000ee480000,0x00000000ee480000,0x00000000ef800000)
 ParOldGen       total 77312K, used 23988K [0x00000000a0000000, 0x00000000a4b80000, 0x00000000e0000000)
  object space 77312K, 31% used [0x00000000a0000000,0x00000000a176d3c8,0x00000000a4b80000)
 Metaspace       used 72952K, capacity 83944K, committed 84272K, reserved 1122304K
  class space    used 10296K, capacity 10963K, committed 11056K, reserved 1048576K
GC Heap History (10 events):
Event: 101.163 GC heap before
{Heap before GC invocations=7 (full 1):
 PSYoungGen      total 68608K, used 8835K [0x00000000e0000000, 0x00000000e8f80000, 0x0000000100000000)
  eden space 63488K, 5% used [0x00000000e0000000,0x00000000e03a49f8,0x00000000e3e00000)
  from space 5120K, 99% used [0x00000000e3e00000,0x00000000e42fc208,0x00000000e4300000)
  to   space 10240K, 0% used [0x00000000e8580000,0x00000000e8580000,0x00000000e8f80000)
 ParOldGen       total 39424K, used 6939K [0x00000000a0000000, 0x00000000a2680000, 0x00000000e0000000)
  object space 39424K, 17% used [0x00000000a0000000,0x00000000a06c6ca0,0x00000000a2680000)
 Metaspace       used 33744K, capacity 35797K, committed 35828K, reserved 1081344K
  class space    used 4359K, capacity 4656K, committed 4656K, reserved 1048576K
Event: 101.165 GC heap after
Heap after GC invocations=7 (full 1):
 PSYoungGen      total 136192K, used 3389K [0x00000000e0000000, 0x00000000e9080000, 0x0000000100000000)
  eden space 125952K, 0% used [0x00000000e0000000,0x00000000e0000000,0x00000000e7b00000)
  from space 10240K, 33% used [0x00000000e8580000,0x00000000e88cf508,0x00000000e8f80000)
  to   space 10752K, 0% used [0x00000000e7b00000,0x00000000e7b00000,0x00000000e8580000)
 ParOldGen       total 39424K, used 6947K [0x00000000a0000000, 0x00000000a2680000, 0x00000000e0000000)
  object space 39424K, 17% used [0x00000000a0000000,0x00000000a06c8ca0,0x00000000a2680000)
 Metaspace       used 33744K, capacity 35797K, committed 35828K, reserved 1081344K
  class space    used 4359K, capacity 4656K, committed 4656K, reserved 1048576K
}
Event: 101.165 GC heap before
{Heap before GC invocations=8 (full 2):
 PSYoungGen      total 136192K, used 3389K [0x00000000e0000000, 0x00000000e9080000, 0x0000000100000000)
  eden space 125952K, 0% used [0x00000000e0000000,0x00000000e0000000,0x00000000e7b00000)
  from space 10240K, 33% used [0x00000000e8580000,0x00000000e88cf508,0x00000000e8f80000)
  to   space 10752K, 0% used [0x00000000e7b00000,0x00000000e7b00000,0x00000000e8580000)
 ParOldGen       total 39424K, used 6947K [0x00000000a0000000, 0x00000000a2680000, 0x00000000e0000000)
  object space 39424K, 17% used [0x00000000a0000000,0x00000000a06c8ca0,0x00000000a2680000)
 Metaspace       used 33744K, capacity 35797K, committed 35828K, reserved 1081344K
  class space    used 4359K, capacity 4656K, committed 4656K, reserved 1048576K
Event: 101.187 GC heap after
Heap after GC invocations=8 (full 2):
 PSYoungGen      total 136192K, used 0K [0x00000000e0000000, 0x00000000e9080000, 0x0000000100000000)
  eden space 125952K, 0% used [0x00000000e0000000,0x00000000e0000000,0x00000000e7b00000)
  from space 10240K, 0% used [0x00000000e8580000,0x00000000e8580000,0x00000000e8f80000)
  to   space 10752K, 0% used [0x00000000e7b00000,0x00000000e7b00000,0x00000000e8580000)
 ParOldGen       total 47616K, used 6843K [0x00000000a0000000, 0x00000000a2e80000, 0x00000000e0000000)
  object space 47616K, 14% used [0x00000000a0000000,0x00000000a06aedf8,0x00000000a2e80000)
 Metaspace       used 33744K, capacity 35797K, committed 35828K, reserved 1081344K
  class space    used 4359K, capacity 4656K, committed 4656K, reserved 1048576K
}
Event: 102.478 GC heap before
{Heap before GC invocations=9 (full 2):
 PSYoungGen      total 136192K, used 125952K [0x00000000e0000000, 0x00000000e9080000, 0x0000000100000000)
  eden space 125952K, 100% used [0x00000000e0000000,0x00000000e7b00000,0x00000000e7b00000)
  from space 10240K, 0% used [0x00000000e8580000,0x00000000e8580000,0x00000000e8f80000)
  to   space 10752K, 0% used [0x00000000e7b00000,0x00000000e7b00000,0x00000000e8580000)
 ParOldGen       total 47616K, used 6843K [0x00000000a0000000, 0x00000000a2e80000, 0x00000000e0000000)
  object space 47616K, 14% used [0x00000000a0000000,0x00000000a06aedf8,0x00000000a2e80000)
 Metaspace       used 52966K, capacity 58686K, committed 59056K, reserved 1101824K
  class space    used 7036K, capacity 7485K, committed 7600K, reserved 1048576K
Event: 102.495 GC heap after
Heap after GC invocations=9 (full 2):
 PSYoungGen      total 136704K, used 10736K [0x00000000e0000000, 0x00000000f0c00000, 0x0000000100000000)
  eden space 125952K, 0% used [0x00000000e0000000,0x00000000e0000000,0x00000000e7b00000)
  from space 10752K, 99% used [0x00000000e7b00000,0x00000000e857c080,0x00000000e8580000)
  to   space 20480K, 0% used [0x00000000ef800000,0x00000000ef800000,0x00000000f0c00000)
 ParOldGen       total 47616K, used 22868K [0x00000000a0000000, 0x00000000a2e80000, 0x00000000e0000000)
  object space 47616K, 48% used [0x00000000a0000000,0x00000000a1655250,0x00000000a2e80000)
 Metaspace       used 52966K, capacity 58686K, committed 59056K, reserved 1101824K
  class space    used 7036K, capacity 7485K, committed 7600K, reserved 1048576K
}
Event: 102.528 GC heap before
{Heap before GC invocations=10 (full 2):
 PSYoungGen      total 136704K, used 18705K [0x00000000e0000000, 0x00000000f0c00000, 0x0000000100000000)
  eden space 125952K, 6% used [0x00000000e0000000,0x00000000e07c8388,0x00000000e7b00000)
  from space 10752K, 99% used [0x00000000e7b00000,0x00000000e857c080,0x00000000e8580000)
  to   space 20480K, 0% used [0x00000000ef800000,0x00000000ef800000,0x00000000f0c00000)
 ParOldGen       total 47616K, used 22868K [0x00000000a0000000, 0x00000000a2e80000, 0x00000000e0000000)
  object space 47616K, 48% used [0x00000000a0000000,0x00000000a1655250,0x00000000a2e80000)
 Metaspace       used 53702K, capacity 59592K, committed 59716K, reserved 1101824K
  class space    used 7160K, capacity 7607K, committed 7728K, reserved 1048576K
Event: 102.540 GC heap after
Heap after GC invocations=10 (full 2):
 PSYoungGen      total 254464K, used 10978K [0x00000000e0000000, 0x00000000f1480000, 0x0000000100000000)
  eden space 233984K, 0% used [0x00000000e0000000,0x00000000e0000000,0x00000000ee480000)
  from space 20480K, 53% used [0x00000000ef800000,0x00000000f02b8ae0,0x00000000f0c00000)
  to   space 19968K, 0% used [0x00000000ee480000,0x00000000ee480000,0x00000000ef800000)
 ParOldGen       total 47616K, used 22868K [0x00000000a0000000, 0x00000000a2e80000, 0x00000000e0000000)
  object space 47616K, 48% used [0x00000000a0000000,0x00000000a1655250,0x00000000a2e80000)
 Metaspace       used 53702K, capacity 59592K, committed 59716K, reserved 1101824K
  class space    used 7160K, capacity 7607K, committed 7728K, reserved 1048576K
}
Event: 102.540 GC heap before
{Heap before GC invocations=11 (full 3):
 PSYoungGen      total 254464K, used 10978K [0x00000000e0000000, 0x00000000f1480000, 0x0000000100000000)
  eden space 233984K, 0% used [0x00000000e0000000,0x00000000e0000000,0x00000000ee480000)
  from space 20480K, 53% used [0x00000000ef800000,0x00000000f02b8ae0,0x00000000f0c00000)
  to   space 19968K, 0% used [0x00000000ee480000,0x00000000ee480000,0x00000000ef800000)
 ParOldGen       total 47616K, used 22868K [0x00000000a0000000, 0x00000000a2e80000, 0x00000000e0000000)
  object space 47616K, 48% used [0x00000000a0000000,0x00000000a1655250,0x00000000a2e80000)
 Metaspace       used 53702K, capacity 59592K, committed 59716K, reserved 1101824K
  class space    used 7160K, capacity 7607K, committed 7728K, reserved 1048576K
Event: 102.673 GC heap after
Heap after GC invocations=11 (full 3):
 PSYoungGen      total 254464K, used 0K [0x00000000e0000000, 0x00000000f1480000, 0x0000000100000000)
  eden space 233984K, 0% used [0x00000000e0000000,0x00000000e0000000,0x00000000ee480000)
  from space 20480K, 0% used [0x00000000ef800000,0x00000000ef800000,0x00000000f0c00000)
  to   space 19968K, 0% used [0x00000000ee480000,0x00000000ee480000,0x00000000ef800000)
 ParOldGen       total 77312K, used 23988K [0x00000000a0000000, 0x00000000a4b80000, 0x00000000e0000000)
  object space 77312K, 31% used [0x00000000a0000000,0x00000000a176d3c8,0x00000000a4b80000)
 Metaspace       used 53700K, capacity 59586K, committed 59716K, reserved 1101824K
  class space    used 7159K, capacity 7606K, committed 7728K, reserved 1048576K
}

